<?xml version="1.0" encoding="UTF-8"?>
<!-- Generated by org.testng.reporters.JUnitReportReporter -->
<testsuite hostname="IN-PG04G75V" failures="0" tests="1" name="BrowserStack.ElPaisTest.LocalChromeExample" time="13.099" errors="0" timestamp="2024-12-24T17:57:09 IST" skipped="0">
  <testcase classname="BrowserStack.ElPaisTest.LocalChromeExample" name="testLocalChrome" time="13.099"/>
  <system-out/>
</testsuite> <!-- BrowserStack.ElPaisTest.LocalChromeExample -->
