<?xml version="1.0" encoding="UTF-8"?>
<!-- Generated by org.testng.reporters.JUnitReportReporter -->
<testsuite hostname="IN-PG04G75V" failures="0" tests="1" name="BrowserStack.ElPaisTest.BrowserStackExample" time="0.020" errors="0" timestamp="2024-12-24T17:57:09 IST" skipped="0">
  <testcase classname="BrowserStack.ElPaisTest.BrowserStackExample" name="testOnBrowserStack" time="0.020"/>
  <system-out/>
</testsuite> <!-- BrowserStack.ElPaisTest.BrowserStackExample -->
