<?xml version="1.0" encoding="UTF-8"?>
<!-- Generated by org.testng.reporters.JUnitReportReporter -->
<testsuite hostname="IN-PG04G75V" failures="0" tests="5" name="BrowserStack.ElPaisTest.BrowserStackExampleTest" time="145.265" errors="0" timestamp="2024-12-25T14:36:33 IST" skipped="0">
  <testcase classname="BrowserStack.ElPaisTest.BrowserStackExampleTest" name="testScrapeElPaisOpinionOnBrowserStack" time="29.427"/>
  <system-out/>
  <testcase classname="BrowserStack.ElPaisTest.BrowserStackExampleTest" name="testScrapeElPaisOpinionOnBrowserStack" time="18.624"/>
  <system-out/>
  <testcase classname="BrowserStack.ElPaisTest.BrowserStackExampleTest" name="testScrapeElPaisOpinionOnBrowserStack" time="38.642"/>
  <system-out/>
  <testcase classname="BrowserStack.ElPaisTest.BrowserStackExampleTest" name="testScrapeElPaisOpinionOnBrowserStack" time="34.490"/>
  <system-out/>
  <testcase classname="BrowserStack.ElPaisTest.BrowserStackExampleTest" name="testScrapeElPaisOpinionOnBrowserStack" time="24.082"/>
  <system-out/>
</testsuite> <!-- BrowserStack.ElPaisTest.BrowserStackExampleTest -->
