<?xml version="1.0" encoding="UTF-8"?>
<!-- Generated by org.testng.reporters.JUnitReportReporter -->
<testsuite hostname="IN-PG04G75V" failures="0" tests="1" name="BrowserStack.ElPaisTest.ElPaisScraperTest" time="9.913" errors="0" timestamp="2024-12-24T19:47:36 IST" skipped="0">
  <testcase classname="BrowserStack.ElPaisTest.ElPaisScraperTest" name="testScrapeElPaisOpinion" time="9.913"/>
  <system-out/>
</testsuite> <!-- BrowserStack.ElPaisTest.ElPaisScraperTest -->
