<?xml version="1.0" encoding="UTF-8"?>
<!-- Generated by org.testng.reporters.JUnitReportReporter -->
<testsuite hostname="IN-PG04G75V" failures="0" tests="5" name="BrowserStack.ElPaisTest.BrowserStackExampleTest" time="124.726" errors="0" timestamp="2024-12-24T19:55:27 IST" skipped="0">
  <testcase classname="BrowserStack.ElPaisTest.BrowserStackExampleTest" name="testScrapeElPaisOpinionOnBrowserStack" time="21.536"/>
  <system-out/>
  <testcase classname="BrowserStack.ElPaisTest.BrowserStackExampleTest" name="testScrapeElPaisOpinionOnBrowserStack" time="29.698"/>
  <system-out/>
  <testcase classname="BrowserStack.ElPaisTest.BrowserStackExampleTest" name="testScrapeElPaisOpinionOnBrowserStack" time="28.695"/>
  <system-out/>
  <testcase classname="BrowserStack.ElPaisTest.BrowserStackExampleTest" name="testScrapeElPaisOpinionOnBrowserStack" time="24.580"/>
  <system-out/>
  <testcase classname="BrowserStack.ElPaisTest.BrowserStackExampleTest" name="testScrapeElPaisOpinionOnBrowserStack" time="20.217"/>
  <system-out/>
</testsuite> <!-- BrowserStack.ElPaisTest.BrowserStackExampleTest -->
