<?xml version="1.0" encoding="UTF-8"?>
<!-- Generated by org.testng.reporters.JUnitReportReporter -->
<testsuite hostname="IN-PG04G75V" failures="0" tests="5" name="BrowserStack.ElPaisTest.BrowserStackExampleTest" time="101.783" errors="0" timestamp="2024-12-25T19:17:06 IST" skipped="0">
  <testcase classname="BrowserStack.ElPaisTest.BrowserStackExampleTest" name="testScrapeElPaisOpinionOnBrowserStack" time="20.043"/>
  <system-out/>
  <testcase classname="BrowserStack.ElPaisTest.BrowserStackExampleTest" name="testScrapeElPaisOpinionOnBrowserStack" time="20.734"/>
  <system-out/>
  <testcase classname="BrowserStack.ElPaisTest.BrowserStackExampleTest" name="testScrapeElPaisOpinionOnBrowserStack" time="20.919"/>
  <system-out/>
  <testcase classname="BrowserStack.ElPaisTest.BrowserStackExampleTest" name="testScrapeElPaisOpinionOnBrowserStack" time="27.320"/>
  <system-out/>
  <testcase classname="BrowserStack.ElPaisTest.BrowserStackExampleTest" name="testScrapeElPaisOpinionOnBrowserStack" time="12.767"/>
  <system-out/>
</testsuite> <!-- BrowserStack.ElPaisTest.BrowserStackExampleTest -->
