<?xml version="1.0" encoding="UTF-8"?>
<!-- Generated by org.testng.reporters.JUnitReportReporter -->
<testsuite hostname="IN-PG04G75V" failures="0" tests="1" name="BrowserStack.ElPaisTest.ElPaisScraperTest" time="19.868" errors="0" timestamp="2024-12-25T19:15:41 IST" skipped="0">
  <testcase classname="BrowserStack.ElPaisTest.ElPaisScraperTest" name="testScrapeElPaisOpinion" time="19.868"/>
  <system-out/>
</testsuite> <!-- BrowserStack.ElPaisTest.ElPaisScraperTest -->
